{"/home/ioet/mid-level/e-commerce/src/components/Filter/RatingFilter/Rating/index.jsx": {"path":"/home/ioet/mid-level/e-commerce/src/components/Filter/RatingFilter/Rating/index.jsx","statementMap":{"0":{"start":{"line":7,"column":20},"end":{"line":18,"column":3}},"1":{"start":{"line":8,"column":22},"end":{"line":8,"column":24}},"2":{"start":{"line":9,"column":25},"end":{"line":11,"column":6}},"3":{"start":{"line":10,"column":6},"end":{"line":10,"column":55}},"4":{"start":{"line":12,"column":28},"end":{"line":14,"column":6}},"5":{"start":{"line":13,"column":6},"end":{"line":13,"column":61}},"6":{"start":{"line":15,"column":4},"end":{"line":15,"column":33}},"7":{"start":{"line":16,"column":4},"end":{"line":16,"column":36}},"8":{"start":{"line":17,"column":4},"end":{"line":17,"column":21}},"9":{"start":{"line":20,"column":2},"end":{"line":25,"column":4}},"10":{"start":{"line":28,"column":0},"end":{"line":30,"column":2}}},"fnMap":{"0":{"name":"Rating","decl":{"start":{"line":6,"column":9},"end":{"line":6,"column":15}},"loc":{"start":{"line":6,"column":27},"end":{"line":26,"column":1}},"line":6},"1":{"name":"(anonymous_1)","decl":{"start":{"line":7,"column":20},"end":{"line":7,"column":21}},"loc":{"start":{"line":7,"column":26},"end":{"line":18,"column":3}},"line":7},"2":{"name":"(anonymous_2)","decl":{"start":{"line":9,"column":47},"end":{"line":9,"column":48}},"loc":{"start":{"line":10,"column":6},"end":{"line":10,"column":55}},"line":10},"3":{"name":"(anonymous_3)","decl":{"start":{"line":12,"column":54},"end":{"line":12,"column":55}},"loc":{"start":{"line":13,"column":6},"end":{"line":13,"column":61}},"line":13}},"branchMap":{},"s":{"0":4,"1":4,"2":4,"3":12,"4":4,"5":8,"6":4,"7":4,"8":4,"9":4,"10":2},"f":{"0":4,"1":4,"2":12,"3":8},"b":{},"_coverageSchema":"1a1c01bbd47fc00a2c39e90264f33305004495a9","hash":"5cf95a3343e757a4c88c1c12b85d3795c13b71a7"}
,"/home/ioet/mid-level/e-commerce/src/components/Modal/index.jsx": {"path":"/home/ioet/mid-level/e-commerce/src/components/Modal/index.jsx","statementMap":{"0":{"start":{"line":14,"column":6},"end":{"line":14,"column":31}},"1":{"start":{"line":16,"column":24},"end":{"line":18,"column":3}},"2":{"start":{"line":17,"column":4},"end":{"line":17,"column":21}},"3":{"start":{"line":20,"column":2},"end":{"line":50,"column":4}}},"fnMap":{"0":{"name":"Modal","decl":{"start":{"line":7,"column":9},"end":{"line":7,"column":14}},"loc":{"start":{"line":7,"column":17},"end":{"line":51,"column":1}},"line":7},"1":{"name":"(anonymous_1)","decl":{"start":{"line":16,"column":24},"end":{"line":16,"column":25}},"loc":{"start":{"line":16,"column":30},"end":{"line":18,"column":3}},"line":16}},"branchMap":{},"s":{"0":2,"1":2,"2":1,"3":2},"f":{"0":2,"1":1},"b":{},"_coverageSchema":"1a1c01bbd47fc00a2c39e90264f33305004495a9","hash":"f323963b6bcbe50b302f8f5536384aa0dd177b02"}
,"/home/ioet/mid-level/e-commerce/src/contexts/SearchContext/index.jsx": {"path":"/home/ioet/mid-level/e-commerce/src/contexts/SearchContext/index.jsx","statementMap":{"0":{"start":{"line":3,"column":22},"end":{"line":3,"column":37}},"1":{"start":{"line":6,"column":30},"end":{"line":6,"column":45}},"2":{"start":{"line":7,"column":40},"end":{"line":7,"column":52}},"3":{"start":{"line":8,"column":36},"end":{"line":8,"column":50}},"4":{"start":{"line":9,"column":34},"end":{"line":9,"column":46}},"5":{"start":{"line":10,"column":42},"end":{"line":10,"column":54}},"6":{"start":{"line":11,"column":42},"end":{"line":11,"column":54}},"7":{"start":{"line":12,"column":42},"end":{"line":12,"column":54}},"8":{"start":{"line":13,"column":54},"end":{"line":13,"column":66}},"9":{"start":{"line":14,"column":44},"end":{"line":14,"column":55}},"10":{"start":{"line":16,"column":18},"end":{"line":20,"column":3}},"11":{"start":{"line":17,"column":21},"end":{"line":17,"column":69}},"12":{"start":{"line":18,"column":17},"end":{"line":18,"column":38}},"13":{"start":{"line":19,"column":4},"end":{"line":19,"column":16}},"14":{"start":{"line":22,"column":2},"end":{"line":33,"column":9}},"15":{"start":{"line":23,"column":22},"end":{"line":31,"column":5}},"16":{"start":{"line":24,"column":6},"end":{"line":30,"column":7}},"17":{"start":{"line":25,"column":28},"end":{"line":25,"column":43}},"18":{"start":{"line":26,"column":8},"end":{"line":26,"column":33}},"19":{"start":{"line":27,"column":8},"end":{"line":27,"column":28}},"20":{"start":{"line":29,"column":8},"end":{"line":29,"column":53}},"21":{"start":{"line":32,"column":4},"end":{"line":32,"column":16}},"22":{"start":{"line":35,"column":27},"end":{"line":39,"column":4}},"23":{"start":{"line":36,"column":24},"end":{"line":36,"column":51}},"24":{"start":{"line":37,"column":23},"end":{"line":37,"column":48}},"25":{"start":{"line":38,"column":4},"end":{"line":38,"column":44}},"26":{"start":{"line":41,"column":2},"end":{"line":64,"column":4}}},"fnMap":{"0":{"name":"SearchProvider","decl":{"start":{"line":5,"column":9},"end":{"line":5,"column":23}},"loc":{"start":{"line":5,"column":38},"end":{"line":65,"column":1}},"line":5},"1":{"name":"(anonymous_1)","decl":{"start":{"line":16,"column":18},"end":{"line":16,"column":19}},"loc":{"start":{"line":16,"column":30},"end":{"line":20,"column":3}},"line":16},"2":{"name":"(anonymous_2)","decl":{"start":{"line":22,"column":12},"end":{"line":22,"column":13}},"loc":{"start":{"line":22,"column":18},"end":{"line":33,"column":3}},"line":22},"3":{"name":"(anonymous_3)","decl":{"start":{"line":23,"column":22},"end":{"line":23,"column":23}},"loc":{"start":{"line":23,"column":34},"end":{"line":31,"column":5}},"line":23},"4":{"name":"(anonymous_4)","decl":{"start":{"line":35,"column":43},"end":{"line":35,"column":44}},"loc":{"start":{"line":35,"column":56},"end":{"line":39,"column":3}},"line":35}},"branchMap":{},"s":{"0":1,"1":0,"2":0,"3":0,"4":0,"5":0,"6":0,"7":0,"8":0,"9":0,"10":0,"11":0,"12":0,"13":0,"14":0,"15":0,"16":0,"17":0,"18":0,"19":0,"20":0,"21":0,"22":0,"23":0,"24":0,"25":0,"26":0},"f":{"0":0,"1":0,"2":0,"3":0,"4":0},"b":{},"_coverageSchema":"1a1c01bbd47fc00a2c39e90264f33305004495a9","hash":"83acc862ddd542abf02230abaaa94ea35fed5740"}
}
