TN:
SF:src/components/Filter/RatingFilter/Rating/index.jsx
FN:6,Rating
FN:7,(anonymous_1)
FN:9,(anonymous_2)
FN:12,(anonymous_3)
FNF:4
FNH:4
FNDA:4,Rating
FNDA:4,(anonymous_1)
FNDA:12,(anonymous_2)
FNDA:8,(anonymous_3)
DA:7,4
DA:8,4
DA:9,4
DA:10,12
DA:12,4
DA:13,8
DA:15,4
DA:16,4
DA:17,4
DA:20,4
DA:28,2
LF:11
LH:11
BRF:0
BRH:0
end_of_record
TN:
SF:src/components/Modal/index.jsx
FN:7,Modal
FN:16,(anonymous_1)
FNF:2
FNH:2
FNDA:2,Modal
FNDA:1,(anonymous_1)
DA:14,2
DA:16,2
DA:17,1
DA:20,2
LF:4
LH:4
BRF:0
BRH:0
end_of_record
TN:
SF:src/contexts/SearchContext/index.jsx
FN:5,SearchProvider
FN:16,(anonymous_1)
FN:22,(anonymous_2)
FN:23,(anonymous_3)
FN:35,(anonymous_4)
FNF:5
FNH:0
FNDA:0,SearchProvider
FNDA:0,(anonymous_1)
FNDA:0,(anonymous_2)
FNDA:0,(anonymous_3)
FNDA:0,(anonymous_4)
DA:3,1
DA:6,0
DA:7,0
DA:8,0
DA:9,0
DA:10,0
DA:11,0
DA:12,0
DA:13,0
DA:14,0
DA:16,0
DA:17,0
DA:18,0
DA:19,0
DA:22,0
DA:23,0
DA:24,0
DA:25,0
DA:26,0
DA:27,0
DA:29,0
DA:32,0
DA:35,0
DA:36,0
DA:37,0
DA:38,0
DA:41,0
LF:27
LH:1
BRF:0
BRH:0
end_of_record
